<?xml version="1.0" encoding="UTF-8"?>
<!-- Generated by org.testng.reporters.JUnitReportReporter -->
<testsuite skipped="0" hostname="DESKTOP-576CM0N" name="com.Jio.JioIndex" tests="1" failures="0" timestamp="2020-09-17T10:27:49 IST" time="154.108" errors="0">
  <testcase name="verifyLogin_currentPlan_rechargeForFriend" time="154.108" classname="com.Jio.JioIndex"/>
  <system-out>
<br></br><strong>TS_MOB_001 :: To verify user can login into jio application, verify dashboard, current jio plan and perform recharge for a friend.</strong> <br></br>Step 1 : Click on close button to skip introduction. <br></br>Validation Message : <Strong><font color=#ff0000>Introduction screen skipped already.</strong></font> <br></br><font color=#000080>Verify user can see Home Screen of "Jio Application " with following fields<br> 1. Mobile Tab.<br> 2. JioFiber Tab.<br> 3. Jiofi Tab. <br> 4. JioLink Tab.<br> 5. Enter mobile number text field.<br> 6. Generate OTP button.<br> 7. Login with QR.<br> 8. Not a jio user Button.</font> <br></br><Strong><font color=#008000>Pass</font></strong> <br></br><strong>Mobile Number - </strong><font color=#9400D3>8200042508</font> <br></br>Step 2 : Click on Generate OTP button. <br></br>Step 3 : Click on Close "Explore Now" advertisement. <br></br><font color=#000080>4. Verify user is redirected to dashboard of My jio application after successful login.
.</font> <br></br><strong>Logged in user Number :  - </strong><font color=#9400D3>8200042508</font> <br></br><strong>Registered user number :  - </strong><font color=#9400D3>8200042508</font> <br></br><Strong><font color=#008000>Pass</font></strong> <br></br>Step 4 : Click on telecom Tab. <br></br><font color=#000080>Verify user can see telecom tab screen.</font> <br></br><strong>Logged in user Number :  - </strong><font color=#9400D3>8200042508</font> <br></br><strong>Registered user number :  - </strong><font color=#9400D3>8200042508</font> <br></br><Strong><font color=#008000>Pass</font></strong> <br></br><strong>Current Plan Amount :  - </strong><font color=#9400D3>599</font> <br></br><strong>Current Plan Data :  - </strong><font color=#9400D3>2</font> <br></br>Step 5 : Click on Current Plan button. <br></br><font color=#000080>Verify current plan screen with its details present.</font> <br></br><strong>Current Plan Details :  - </strong><font color=#9400D3>Rs599- 3m- 2GB/Day</font> <br></br><strong>Total SMS :  - </strong><font color=#9400D3>100 SMS</font> <br></br><strong>Remaining SMS :  - </strong><font color=#9400D3>remaining of 100 SMS/Day</font> <br></br><strong>Remaining Data Left :  - </strong><font color=#9400D3>2 GB</font> <br></br><strong>Voice - Non Jio :  - </strong><font color=#9400D3>2214.00 Min</font> <br></br><strong>Unlimited Omnet :  - </strong><font color=#9400D3>Unlimited</font> <br></br><Strong><font color=#008000>Pass</font></strong> <br></br>Step 6 : Click on back button from current plan details screen. <br></br><font color=#000080>Verify user is redirected to telecom screen, after user clicks on back button from current plan screen.</font> <br></br><strong>Logged in user Number :  - </strong><font color=#9400D3>8200042508</font> <br></br><strong>Registered user number :  - </strong><font color=#9400D3>8200042508</font> <br></br><Strong><font color=#008000>Pass</font></strong> <br></br>Step 7 : Click on Menu button. <br></br><font color=#000080>Verify user can see Menu Screen.</font> <br></br><strong>User Name :  - </strong><font color=#9400D3></font> <br></br><Strong><font color=#008000>Pass</font></strong> <br></br>Step 8 : Click on Recharge for a friend. <br></br><font color=#000080>Verify user can see recharge for a friend screen.</font> <br></br><Strong><font color=#008000>Pass</font></strong> <br></br><strong>Mobile Number - </strong><font color=#9400D3>111694</font> <br></br>Step 9 : Click on Proceed Button. <br></br><font color=#000080>Verify user can see validation message for "Please enter a valid Jio Number"</font> <br></br><Strong><font color=#008000>Pass</font></strong> <br></br>Step 10 : Click on Back button from recharge for a friend screen. <br></br>Step 11 : Click on Menu button. <br></br>Step 12 : Click on Settings Button. <br></br>Step 13 : Click on Logout Button. <br></br><font color=#000080>Verify user can see Logout Popup.</font> <br></br><Strong><font color=#008000>Pass</font></strong> <br></br>Step 14 : Click on Yes Button. <br></br><font color=#000080>Verify user is logged out successfully.</font> <br></br><Strong><font color=#008000>Pass</font></strong>  </system-out>
</testsuite> <!-- com.Jio.JioIndex -->
